<?xml version="1.0" encoding="UTF-8"?>
<!-- Generated by org.testng.reporters.JUnitXMLReporter -->
<testsuite hostname="II02-F3LXQF2" ignored="0" name="Default test" tests="3" failures="0" timestamp="29 Sep 2020 21:24:46 GMT" time="59.743" errors="0">
  <testcase name="CalorieCalcTest" time="3.123" classname="com.maven.testcases.CalorieCalcHTTestCase"/>
  <testcase name="CalorieCalcTest" time="2.999" classname="com.maven.testcases.CalorieCalcHTTestCase"/>
  <testcase name="CalorieCalcTest" time="3.241" classname="com.maven.testcases.CalorieCalcHTTestCase"/>
</testsuite> <!-- Default test -->
