<?xml version="1.0" encoding="UTF-8"?>
<!-- Generated by org.testng.reporters.JUnitXMLReporter -->
<testsuite hostname="II02-F3LXQF2" ignored="0" name="Regression1" tests="12" failures="0" timestamp="2020-10-02T17:45:24 IST" time="148.003" errors="0">
  <testcase name="validateLogin" time="0.005" classname="testng.TestNGExample"/>
  <testcase name="AccountEnquiry" time="0.0" classname="testng.TestNGExample"/>
  <testcase name="Reporting" time="0.0" classname="testng.TestNGExample"/>
  <testcase name="LogOff" time="0.0" classname="testng.TestNGExample"/>
  <testcase name="validateLogin" time="0.0" classname="testng.TestNGExample2"/>
  <testcase name="AccountEnquiry" time="0.0" classname="testng.TestNGExample2"/>
  <testcase name="Reporting" time="0.0" classname="testng.TestNGExample2"/>
  <testcase name="LogOff" time="0.0" classname="testng.TestNGExample2"/>
  <testcase name="CalorieCalcTest" time="10.822" classname="testng.CalorieCalcTestCase"/>
  <testcase name="CalorieCalcTest" time="28.474" classname="testng.CalorieCalcTestCase"/>
  <testcase name="CalorieCalcTest" time="29.466" classname="testng.CalorieCalcTestCase"/>
  <testcase name="changeDDvalues" time="35.724" classname="testng.ChangeDropdownValues"/>
</testsuite> <!-- Regression1 -->
