<?xml version="1.0" encoding="UTF-8"?>
<!-- Generated by org.testng.reporters.JUnitXMLReporter -->
<testsuite hostname="II02-F3LXQF2" ignored="0" name="TestPack" tests="8" failures="0" timestamp="2020-09-23T03:16:51 IST" time="0.08" errors="0">
  <testcase name="validateLogin" time="0.011" classname="testng.TestNGExample"/>
  <testcase name="AccountEnquiry" time="0.002" classname="testng.TestNGExample"/>
  <testcase name="Reporting" time="0.002" classname="testng.TestNGExample"/>
  <testcase name="LogOff" time="0.002" classname="testng.TestNGExample"/>
  <testcase name="validateLogin" time="0.001" classname="testng.TestNGExample2"/>
  <testcase name="AccountEnquiry" time="0.001" classname="testng.TestNGExample2"/>
  <testcase name="Reporting" time="0.002" classname="testng.TestNGExample2"/>
  <testcase name="LogOff" time="0.001" classname="testng.TestNGExample2"/>
</testsuite> <!-- TestPack -->
