<?xml version="1.0" encoding="UTF-8"?>
<!-- Generated by org.testng.reporters.JUnitXMLReporter -->
<testsuite hostname="II02-F3LXQF2" ignored="0" name="Regression1" tests="8" failures="0" timestamp="29 Sep 2020 22:32:17 GMT" time="153.841" errors="0">
  <testcase name="CalorieCalcTest" time="3.48" classname="com.maven.testcases.CalorieCalcHTTestCase"/>
  <testcase name="CalorieCalcTest" time="3.114" classname="com.maven.testcases.CalorieCalcHTTestCase"/>
  <testcase name="CalorieCalcTest" time="2.983" classname="com.maven.testcases.CalorieCalcHTTestCase"/>
  <testcase name="CalorieCalcTest" time="3.489" classname="com.maven.testcases.CalorieCalcHTTestCaseClass"/>
  <testcase name="CalorieCalcTest" time="2.58" classname="com.maven.testcases.CalorieCalcHTTestCaseClass"/>
  <testcase name="CalorieCalcTest" time="2.687" classname="com.maven.testcases.CalorieCalcHTTestCaseClass"/>
  <testcase name="changeDDvalues" time="10.975" classname="com.maven.testcases.ChangeDropdownValues"/>
  <testcase name="MouseOps" time="42.135" classname="com.maven.testcases.CompositeMouseOp"/>
</testsuite> <!-- Regression1 -->
