<?xml version="1.0" encoding="UTF-8"?>
<!-- Generated by org.testng.reporters.JUnitXMLReporter -->
<testsuite hostname="II02-F3LXQF2" ignored="0" name="Regression1" tests="8" failures="0" timestamp="29 Sep 2020 21:31:04 GMT" time="153.256" errors="0">
  <testcase name="CalorieCalcTest" time="3.113" classname="com.maven.testcases.CalorieCalcHTTestCase"/>
  <testcase name="CalorieCalcTest" time="3.238" classname="com.maven.testcases.CalorieCalcHTTestCase"/>
  <testcase name="CalorieCalcTest" time="3.131" classname="com.maven.testcases.CalorieCalcHTTestCase"/>
  <testcase name="CalorieCalcTest" time="2.929" classname="com.maven.testcases.CalorieCalcHTTestCaseClass"/>
  <testcase name="CalorieCalcTest" time="2.446" classname="com.maven.testcases.CalorieCalcHTTestCaseClass"/>
  <testcase name="CalorieCalcTest" time="2.46" classname="com.maven.testcases.CalorieCalcHTTestCaseClass"/>
  <testcase name="changeDDvalues" time="10.746" classname="com.maven.testcases.ChangeDropdownValues"/>
  <testcase name="MouseOps" time="33.936" classname="com.maven.testcases.CompositeMouseOp"/>
</testsuite> <!-- Regression1 -->
