<?xml version="1.0" encoding="UTF-8"?>
<!-- Generated by org.testng.reporters.JUnitXMLReporter -->
<testsuite hostname="II02-F3LXQF2" ignored="0" name="Default test" tests="5" failures="0" timestamp="2020-09-26T15:52:13 IST" time="99.086" errors="0">
  <testcase name="CalorieCalcPageTest" time="36.007" classname="com.project.testcases.CalorieCalcPageTestCase"/>
  <testcase name="CalorieCalcPageTest" time="14.96" classname="com.project.testcases.CalorieCalcPageTestCase"/>
  <testcase name="CalorieCalcPageTest" time="6.81" classname="com.project.testcases.CalorieCalcPageTestCase"/>
  <testcase name="CalorieCalcPageTest" time="6.32" classname="com.project.testcases.CalorieCalcPageTestCase"/>
  <testcase name="CalorieCalcPageTest" time="34.253" classname="com.project.testcases.CalorieCalcPageTestCase"/>
</testsuite> <!-- Default test -->
